0 info it worked if it ends with ok
1 verbose cli [ 'D:\\Program Files\\nodejs\\node.exe',
1 verbose cli   'D:\\Program Files\\nodejs\\node_modules\\npm\\bin\\npm-cli.js',
1 verbose cli   'install' ]
2 info using npm@3.10.10
3 info using node@v6.11.2
4 silly loadCurrentTree Starting
5 silly install loadCurrentTree
6 silly install readLocalPackageData
7 silly install normalizeTree
8 silly loadCurrentTree Finishing
9 silly loadIdealTree Starting
10 silly install loadIdealTree
11 silly cloneCurrentTree Starting
12 silly install cloneCurrentTreeToIdealTree
13 silly cloneCurrentTree Finishing
14 silly loadShrinkwrap Starting
15 silly install loadShrinkwrap
16 silly loadShrinkwrap Finishing
17 silly loadAllDepsIntoIdealTree Starting
18 silly install loadAllDepsIntoIdealTree
19 silly fetchNamedPackageData connect-mongo
20 silly mapToRegistry name connect-mongo
21 silly mapToRegistry using default registry
22 silly mapToRegistry registry https://registry.npmjs.org/
23 silly mapToRegistry data Result {
23 silly mapToRegistry   raw: 'connect-mongo',
23 silly mapToRegistry   scope: null,
23 silly mapToRegistry   escapedName: 'connect-mongo',
23 silly mapToRegistry   name: 'connect-mongo',
23 silly mapToRegistry   rawSpec: '',
23 silly mapToRegistry   spec: 'latest',
23 silly mapToRegistry   type: 'tag' }
24 silly mapToRegistry uri https://registry.npmjs.org/connect-mongo
25 verbose request uri https://registry.npmjs.org/connect-mongo
26 verbose request no auth needed
27 info attempt registry request try #1 at 14:41:01
28 verbose request id 598352de0138223f
29 verbose etag W/"59c535af-df33"
30 verbose lastModified Fri, 22 Sep 2017 16:09:19 GMT
31 http request GET https://registry.npmjs.org/connect-mongo
32 http 304 https://registry.npmjs.org/connect-mongo
33 verbose headers { date: 'Wed, 27 Sep 2017 06:32:41 GMT',
33 verbose headers   via: '1.1 varnish',
33 verbose headers   'cache-control': 'max-age=300',
33 verbose headers   etag: 'W/"59c535af-df33"',
33 verbose headers   age: '0',
33 verbose headers   connection: 'keep-alive',
33 verbose headers   'x-served-by': 'cache-nrt6120-NRT',
33 verbose headers   'x-cache': 'HIT',
33 verbose headers   'x-cache-hits': '1',
33 verbose headers   'x-timer': 'S1506493962.691591,VS0,VE146',
33 verbose headers   vary: 'Accept-Encoding, Accept' }
34 silly get cb [ 304,
34 silly get   { date: 'Wed, 27 Sep 2017 06:32:41 GMT',
34 silly get     via: '1.1 varnish',
34 silly get     'cache-control': 'max-age=300',
34 silly get     etag: 'W/"59c535af-df33"',
34 silly get     age: '0',
34 silly get     connection: 'keep-alive',
34 silly get     'x-served-by': 'cache-nrt6120-NRT',
34 silly get     'x-cache': 'HIT',
34 silly get     'x-cache-hits': '1',
34 silly get     'x-timer': 'S1506493962.691591,VS0,VE146',
34 silly get     vary: 'Accept-Encoding, Accept' } ]
35 verbose etag https://registry.npmjs.org/connect-mongo from cache
36 verbose get saving connect-mongo to C:\Users\shuaiyang\AppData\Roaming\npm-cache\registry.npmjs.org\connect-mongo\.cache.json
37 verbose correctMkdir C:\Users\shuaiyang\AppData\Roaming\npm-cache correctMkdir not in flight; initializing
38 silly resolveWithNewModule connect-mongo@0.1.9 checking installable status
39 silly cache add args [ 'connect-mongo@~0.1.9', null ]
40 verbose cache add spec connect-mongo@~0.1.9
41 silly cache add parsed spec Result {
41 silly cache add   raw: 'connect-mongo@~0.1.9',
41 silly cache add   scope: null,
41 silly cache add   escapedName: 'connect-mongo',
41 silly cache add   name: 'connect-mongo',
41 silly cache add   rawSpec: '~0.1.9',
41 silly cache add   spec: '>=0.1.9 <0.2.0',
41 silly cache add   type: 'range' }
42 silly addNamed connect-mongo@>=0.1.9 <0.2.0
43 verbose addNamed ">=0.1.9 <0.2.0" is a valid semver range for connect-mongo
44 silly addNameRange { name: 'connect-mongo',
44 silly addNameRange   range: '>=0.1.9 <0.2.0',
44 silly addNameRange   hasData: false }
45 silly mapToRegistry name connect-mongo
46 silly mapToRegistry using default registry
47 silly mapToRegistry registry https://registry.npmjs.org/
48 silly mapToRegistry data Result {
48 silly mapToRegistry   raw: 'connect-mongo',
48 silly mapToRegistry   scope: null,
48 silly mapToRegistry   escapedName: 'connect-mongo',
48 silly mapToRegistry   name: 'connect-mongo',
48 silly mapToRegistry   rawSpec: '',
48 silly mapToRegistry   spec: 'latest',
48 silly mapToRegistry   type: 'tag' }
49 silly mapToRegistry uri https://registry.npmjs.org/connect-mongo
50 verbose addNameRange registry:https://registry.npmjs.org/connect-mongo not in flight; fetching
51 verbose get https://registry.npmjs.org/connect-mongo not expired, no request
52 silly addNameRange number 2 { name: 'connect-mongo', range: '>=0.1.9 <0.2.0', hasData: true }
53 silly addNameRange versions [ 'connect-mongo',
53 silly addNameRange   [ '0.1.0',
53 silly addNameRange     '0.1.1',
53 silly addNameRange     '0.1.2',
53 silly addNameRange     '0.1.3',
53 silly addNameRange     '0.1.4',
53 silly addNameRange     '0.1.5',
53 silly addNameRange     '0.1.6',
53 silly addNameRange     '0.1.7',
53 silly addNameRange     '0.1.8',
53 silly addNameRange     '0.1.9',
53 silly addNameRange     '0.2.0',
53 silly addNameRange     '0.3.0',
53 silly addNameRange     '0.3.1',
53 silly addNameRange     '0.3.2',
53 silly addNameRange     '0.3.3',
53 silly addNameRange     '0.4.0',
53 silly addNameRange     '0.4.1',
53 silly addNameRange     '0.4.2',
53 silly addNameRange     '0.5.0',
53 silly addNameRange     '0.5.1',
53 silly addNameRange     '0.5.2',
53 silly addNameRange     '0.5.3',
53 silly addNameRange     '0.6.0',
53 silly addNameRange     '0.7.0',
53 silly addNameRange     '0.8.0',
53 silly addNameRange     '0.8.1',
53 silly addNameRange     '0.8.2',
53 silly addNameRange     '1.0.0-beta.1',
53 silly addNameRange     '1.0.0',
53 silly addNameRange     '1.0.1',
53 silly addNameRange     '1.0.2',
53 silly addNameRange     '1.1.0',
53 silly addNameRange     '1.2.0',
53 silly addNameRange     '1.2.1',
53 silly addNameRange     '1.3.0',
53 silly addNameRange     '1.3.1',
53 silly addNameRange     '1.3.2' ] ]
54 silly addNamed connect-mongo@0.1.9
55 verbose addNamed "0.1.9" is a plain semver version for connect-mongo
56 silly mapToRegistry name connect-mongo
57 silly mapToRegistry using default registry
58 silly mapToRegistry registry https://registry.npmjs.org/
59 silly mapToRegistry data Result {
59 silly mapToRegistry   raw: 'connect-mongo',
59 silly mapToRegistry   scope: null,
59 silly mapToRegistry   escapedName: 'connect-mongo',
59 silly mapToRegistry   name: 'connect-mongo',
59 silly mapToRegistry   rawSpec: '',
59 silly mapToRegistry   spec: 'latest',
59 silly mapToRegistry   type: 'tag' }
60 silly mapToRegistry uri https://registry.npmjs.org/connect-mongo
61 verbose addRemoteTarball https://registry.npmjs.org/connect-mongo/-/connect-mongo-0.1.9.tgz not in flight; adding
62 verbose addRemoteTarball [ 'https://registry.npmjs.org/connect-mongo/-/connect-mongo-0.1.9.tgz',
62 verbose addRemoteTarball   '26569a2c53f593d4523db3264551c38a693d2e86' ]
63 info retry fetch attempt 1 at 14:41:02
64 info attempt registry request try #1 at 14:41:02
65 http fetch GET https://registry.npmjs.org/connect-mongo/-/connect-mongo-0.1.9.tgz
66 http fetch 200 https://registry.npmjs.org/connect-mongo/-/connect-mongo-0.1.9.tgz
67 silly fetchAndShaCheck shasum 26569a2c53f593d4523db3264551c38a693d2e86
68 verbose addTmpTarball C:\Users\SHUAIY~1\AppData\Local\Temp\npm-5392-6ca76442\registry.npmjs.org\connect-mongo\-\connect-mongo-0.1.9.tgz not in flight; adding
69 verbose addTmpTarball already have metadata; skipping unpack for connect-mongo@0.1.9
70 verbose correctMkdir C:\Users\shuaiyang\AppData\Roaming\npm-cache correctMkdir not in flight; initializing
71 silly cache afterAdd connect-mongo@0.1.9
72 verbose afterAdd C:\Users\shuaiyang\AppData\Roaming\npm-cache\connect-mongo\0.1.9\package\package.json not in flight; writing
73 verbose correctMkdir C:\Users\shuaiyang\AppData\Roaming\npm-cache correctMkdir not in flight; initializing
74 verbose afterAdd C:\Users\shuaiyang\AppData\Roaming\npm-cache\connect-mongo\0.1.9\package\package.json written
75 silly fetchNamedPackageData mongodb
76 silly mapToRegistry name mongodb
77 silly mapToRegistry using default registry
78 silly mapToRegistry registry https://registry.npmjs.org/
79 silly mapToRegistry data Result {
79 silly mapToRegistry   raw: 'mongodb',
79 silly mapToRegistry   scope: null,
79 silly mapToRegistry   escapedName: 'mongodb',
79 silly mapToRegistry   name: 'mongodb',
79 silly mapToRegistry   rawSpec: '',
79 silly mapToRegistry   spec: 'latest',
79 silly mapToRegistry   type: 'tag' }
80 silly mapToRegistry uri https://registry.npmjs.org/mongodb
81 verbose request uri https://registry.npmjs.org/mongodb
82 verbose request no auth needed
83 info attempt registry request try #1 at 14:41:02
84 verbose etag W/"59c55722-99306"
85 verbose lastModified Fri, 22 Sep 2017 18:32:02 GMT
86 http request GET https://registry.npmjs.org/mongodb
87 http 304 https://registry.npmjs.org/mongodb
88 verbose headers { date: 'Wed, 27 Sep 2017 06:32:42 GMT',
88 verbose headers   via: '1.1 varnish',
88 verbose headers   'cache-control': 'max-age=300',
88 verbose headers   etag: 'W/"59c55722-99306"',
88 verbose headers   age: '221',
88 verbose headers   connection: 'keep-alive',
88 verbose headers   'x-served-by': 'cache-nrt6120-NRT',
88 verbose headers   'x-cache': 'HIT',
88 verbose headers   'x-cache-hits': '5',
88 verbose headers   'x-timer': 'S1506493963.545873,VS0,VE0',
88 verbose headers   vary: 'Accept-Encoding, Accept' }
89 silly get cb [ 304,
89 silly get   { date: 'Wed, 27 Sep 2017 06:32:42 GMT',
89 silly get     via: '1.1 varnish',
89 silly get     'cache-control': 'max-age=300',
89 silly get     etag: 'W/"59c55722-99306"',
89 silly get     age: '221',
89 silly get     connection: 'keep-alive',
89 silly get     'x-served-by': 'cache-nrt6120-NRT',
89 silly get     'x-cache': 'HIT',
89 silly get     'x-cache-hits': '5',
89 silly get     'x-timer': 'S1506493963.545873,VS0,VE0',
89 silly get     vary: 'Accept-Encoding, Accept' } ]
90 verbose etag https://registry.npmjs.org/mongodb from cache
91 verbose get saving mongodb to C:\Users\shuaiyang\AppData\Roaming\npm-cache\registry.npmjs.org\mongodb\.cache.json
92 verbose correctMkdir C:\Users\shuaiyang\AppData\Roaming\npm-cache correctMkdir not in flight; initializing
93 silly resolveWithNewModule mongodb@0.9.9 checking installable status
94 silly rollbackFailedOptional Starting
95 silly rollbackFailedOptional Finishing
96 silly runTopLevelLifecycles Finishing
97 silly install printInstalled
98 verbose stack Error: Unsupported platform for mongodb@0.9.9: wanted {"name":"mongodb","description":"A node.js driver for MongoDB","keywords":["mongodb","mongo","driver","db"],"version":"0.9.9","author":{"name":"Christian Amor Kvalheim","email":"christkv@gmail.com"},"contributors":[{"name":"Aaron Heckmann"},{"name":"Christoph Pojer"},{"name":"Pau Ramon Revilla"},{"name":"Nathan White"},{"name":"Emmerman"},{"name":"Seth LaForge"},{"name":"Boris Filipov"},{"name":"Stefan Schärmeli"},{"name":"Tedde Lundgren"},{"name":"renctan"},{"name":"Sergey Ukustov"},{"name":"Ciaran Jessup"},{"name":"kuno"},{"name":"srimonti"},{"name":"Erik Abele"},{"name":"Pratik Daga"},{"name":"Slobodan Utvic"},{"name":"Kristina Chodorow"},{"name":"Yonathan Randolph"},{"name":"Brian Noguchi"},{"name":"Sam Epstein"},{"name":"James Harrison Fisher"},{"name":"Vladimir Dronnikov"},{"name":"Ben Hockey"},{"name":"Henrik Johansson"},{"name":"Simon Weare"},{"name":"Alex Gorbatchev"},{"name":"Shimon Doodkin"},{"name":"Kyle Mueller"},{"name":"Eran Hammer-Lahav"},{"name":"Marcin Ciszak"},{"name":"François de Metz"},{"name":"Vinay Pulim"},{"name":"nstielau"},{"name":"Adam Wiggins"},{"name":"entrinzikyl"},{"name":"Jeremy Selier"},{"name":"Ian Millington"},{"name":"Public Keating"},{"name":"andrewjstone"},{"name":"Christopher Stott"},{"name":"Corey Jewett"},{"name":"brettkiefer"},{"name":"Rob Holland"},{"name":"Senmiao Liu"},{"name":"heroic"},{"name":"gitfy"},{"name":"Andrew Stone"},{"name":"John Le Drew"}],"repository":{"type":"git","url":"git://github.com/christkv/node-mongodb-native.git"},"bugs":{"url":"http://github.com/christkv/node-mongodb-native/issues","email":"node-mongodb-native@googlegroups.com"},"os":["linux","darwin","freebsd"],"devDependencies":{"dox":"0.1.3","uglify-js":"1.2.5","ejs":"0.6.1","nodeunit":"0.6.4","markdown":"0.3.1"},"config":{"native":false},"main":"./lib/mongodb/index","directories":{"lib":"./lib/mongodb"},"engines":{"node":">=0.4.0"},"scripts":{"install":"node install.js"},"licenses":[{"type":"Apache License, Version 2.0","url":"http://www.apache.org/licenses/LICENSE-2.0"}],"_npmUser":{"name":"christkv","email":"christkv@gmail.com"},"_id":"mongodb@0.9.9","dependencies":{},"optionalDependencies":{},"_engineSupported":true,"_npmVersion":"1.1.0-3","_nodeVersion":"v0.6.10","_defaultsLoaded":true,"dist":{"shasum":"49b44c210698695aafed69e5c772ef45c2dca95a","tarball":"https://registry.npmjs.org/mongodb/-/mongodb-0.9.9.tgz"},"maintainers":[{"name":"christkv","email":"christkv@gmail.com"}],"deprecated":"Please upgrade to 2.2.19 or higher","_from":"mongodb@0.9.x","_resolved":"https://registry.npmjs.org/mongodb/-/mongodb-0.9.9.tgz","_shasum":"49b44c210698695aafed69e5c772ef45c2dca95a","_requested":{"raw":"mongodb@0.9.x","scope":null,"escapedName":"mongodb","name":"mongodb","rawSpec":"0.9.x","spec":">=0.9.0 <0.10.0","type":"range"},"_spec":"mongodb@0.9.x","_where":"E:\\Files\\github\\NodeJs\\photo\\node_modules\\connect-mongo","_args":[[{"raw":"mongodb@0.9.x","scope":null,"escapedName":"mongodb","name":"mongodb","rawSpec":"0.9.x","spec":">=0.9.0 <0.10.0","type":"range"},"E:\\Files\\github\\NodeJs\\photo\\node_modules\\connect-mongo"]],"readme":"ERROR: No README data found!","homepage":"https://github.com/christkv/node-mongodb-native#readme"} (current: {"os":"win32","cpu":"x64"})
98 verbose stack     at checkPlatform (D:\Program Files\nodejs\node_modules\npm\node_modules\npm-install-checks\index.js:45:14)
98 verbose stack     at thenWarnEngineIssues (D:\Program Files\nodejs\node_modules\npm\lib\install\validate-args.js:41:5)
98 verbose stack     at D:\Program Files\nodejs\node_modules\npm\node_modules\iferr\index.js:13:50
98 verbose stack     at checkEngine (D:\Program Files\nodejs\node_modules\npm\node_modules\npm-install-checks\index.js:24:10)
98 verbose stack     at module.exports.isInstallable (D:\Program Files\nodejs\node_modules\npm\lib\install\validate-args.js:38:3)
98 verbose stack     at resolveWithNewModule (D:\Program Files\nodejs\node_modules\npm\lib\install\deps.js:511:10)
98 verbose stack     at D:\Program Files\nodejs\node_modules\npm\lib\install\deps.js:454:9
98 verbose stack     at D:\Program Files\nodejs\node_modules\npm\node_modules\iferr\index.js:13:50
98 verbose stack     at D:\Program Files\nodejs\node_modules\npm\lib\fetch-package-metadata.js:37:12
98 verbose stack     at addRequestedAndFinish (D:\Program Files\nodejs\node_modules\npm\lib\fetch-package-metadata.js:67:5)
99 verbose pkgid mongodb@0.9.9
100 verbose cwd E:\Files\github\NodeJs\photo
101 error Windows_NT 6.1.7601
102 error argv "D:\\Program Files\\nodejs\\node.exe" "D:\\Program Files\\nodejs\\node_modules\\npm\\bin\\npm-cli.js" "install"
103 error node v6.11.2
104 error npm  v3.10.10
105 error code EBADPLATFORM
106 error notsup Unsupported platform for mongodb@0.9.9: wanted {"os":"linux,darwin,freebsd","arch":"any"} (current: {"os":"win32","arch":"x64"})
107 error notsup Valid OS:    linux,darwin,freebsd
107 error notsup Valid Arch:  any
107 error notsup Actual OS:   win32
107 error notsup Actual Arch: x64
108 verbose exit [ 1, true ]
